2026-01-08 14:42:30,837 INFO processing each element1
2026-01-08 14:42:30,837 INFO processing each elementhello
2026-01-08 14:42:30,837 INFO processing each element[2, 'world']
2026-01-08 14:42:30,837 INFO processing sublist element:2
2026-01-08 14:42:30,837 INFO processing sublist element:world
2026-01-08 14:42:30,837 INFO processing each element4
2026-01-08 14:42:30,837 INFO processing each element[3, 'Python']
2026-01-08 14:42:30,838 INFO processing sublist element:3
2026-01-08 14:42:30,838 INFO processing sublist element:Python
2026-01-08 14:42:30,838 INFO The Result is : [1, 2, 4, 3],['hello']
2026-01-08 14:42:47,440 INFO processing each element 1
2026-01-08 14:42:47,441 INFO processing each element hello
2026-01-08 14:42:47,441 INFO processing each element [2, 'world']
2026-01-08 14:42:47,441 INFO processing sublist element:2
2026-01-08 14:42:47,441 INFO processing sublist element:world
2026-01-08 14:42:47,441 INFO processing each element 4
2026-01-08 14:42:47,441 INFO processing each element [3, 'Python']
2026-01-08 14:42:47,441 INFO processing sublist element:3
2026-01-08 14:42:47,441 INFO processing sublist element:Python
2026-01-08 14:42:47,441 INFO The Result is : [1, 2, 4, 3],['hello']
2026-01-08 14:43:30,738 INFO processing each element 1
2026-01-08 14:43:30,739 INFO processing each element hello
2026-01-08 14:43:30,739 INFO processing each element [2, 'world']
2026-01-08 14:43:30,739 INFO processing sublist element: 2
2026-01-08 14:43:30,739 INFO processing sublist element: world
2026-01-08 14:43:30,739 INFO processing each element 4
2026-01-08 14:43:30,739 INFO processing each element [3, 'Python']
2026-01-08 14:43:30,739 INFO processing sublist element: 3
2026-01-08 14:43:30,739 INFO processing sublist element: Python
2026-01-08 14:43:30,740 INFO The Result is : [1, 2, 4, 3],['hello']
